<?xml version="1.0" encoding="UTF-8"?>
<!-- Generated by org.testng.reporters.JUnitXMLReporter -->
<testsuite hostname="Nikhil" ignored="0" name="InternetBankingTest" tests="4" failures="3" timestamp="26 Jun 2021 15:52:11 GMT" time="39.333" errors="0">
  <testcase name="createCustomerTest" time="1.682" classname="com.ibanking.testCases.NewCustomerPageTest">
    <skipped/>
  </testcase> <!-- createCustomerTest -->
  <testcase name="createCustomerTest" time="1.555" classname="com.ibanking.testCases.NewCustomerPageTest">
    <failure type="java.lang.AssertionError" message="expected [true] but found [false]">
      <![CDATA[java.lang.AssertionError: expected [true] but found [false]
at com.ibanking.testCases.NewCustomerPageTest.createCustomerTest(NewCustomerPageTest.java:47)
... Removed 29 stack frames]]>
    </failure>
  </testcase> <!-- createCustomerTest -->
  <testcase name="createCustomerTest" time="1.552" classname="com.ibanking.testCases.NewCustomerPageTest">
    <failure type="java.lang.AssertionError" message="expected [true] but found [false]">
      <![CDATA[java.lang.AssertionError: expected [true] but found [false]
at com.ibanking.testCases.NewCustomerPageTest.createCustomerTest(NewCustomerPageTest.java:47)
... Removed 29 stack frames]]>
    </failure>
  </testcase> <!-- createCustomerTest -->
  <testcase name="createCustomerTest" time="1.548" classname="com.ibanking.testCases.NewCustomerPageTest">
    <failure type="java.lang.AssertionError" message="expected [true] but found [false]">
      <![CDATA[java.lang.AssertionError: expected [true] but found [false]
at com.ibanking.testCases.NewCustomerPageTest.createCustomerTest(NewCustomerPageTest.java:47)
... Removed 29 stack frames]]>
    </failure>
  </testcase> <!-- createCustomerTest -->
</testsuite> <!-- InternetBankingTest -->
